[2016-04-07 21:50:08] START
[2016-06-14 05:48:04] EDIT CRMwStyle/views/layout.html: 22
[2016-06-14 06:02:21] EDIT CRMwStyle/views/layout.html: 6
[2016-06-14 06:04:57] EDIT CRMwStyle/views/layout.html: 0
[2016-06-14 07:00:47] EDIT CRMwStyle/views/layout.html: -6
[2016-06-14 07:09:17] EDIT CRMwStyle/views/layout.html: 51
[2016-06-14 07:14:46] EDIT CRMwStyle/views/layout.html: 40
[2016-06-14 09:08:18] EDIT CRMwStyle/views/layout.html: 0
[2016-06-14 18:43:42] EDIT CRMwStyle/views/layout.html: 0
[2016-06-14 18:44:13] CREATE default/vqf901.html: 0
[2016-06-14 18:46:00] EDIT CRMwStyle/views/default/vqf901.html: 1161
[2016-06-14 18:48:36] EDIT CRMwStyle/controllers/default.py: 2
[2016-06-14 18:49:50] EDIT CRMwStyle/views/default/vqf901.html: -1
[2016-06-14 18:50:16] EDIT CRMwStyle/views/default/vqf901.html: -1
[2016-06-14 18:52:09] UPLOAD /home/reprior123/web2py2/applications/CRMwStyle/static/image00.png: 116
[2016-06-14 18:52:27] UPLOAD /home/reprior123/web2py2/applications/CRMwStyle/static/image01.jpg: 25
[2016-06-14 18:55:43] EDIT CRMwStyle/views/default/vqf901.html: 0
[2016-06-14 19:00:11] UPLOAD /home/reprior123/web2py2/applications/CRMwStyle/static/images/image00.png: 116
[2016-06-14 19:02:36] EDIT CRMwStyle/views/default/vqf901.html: 0
[2016-06-14 19:12:12] EDIT CRMwStyle/views/default/vqf901.html: 0
[2016-06-14 19:13:24] EDIT CRMwStyle/views/default/vqf901.html: 0
[2016-06-14 19:13:38] EDIT CRMwStyle/views/default/vqf901.html: 0
[2016-06-14 19:14:10] EDIT CRMwStyle/views/default/vqf901.html: 0
[2016-06-14 19:15:05] EDIT CRMwStyle/views/default/vqf901.html: 0
[2016-06-16 01:05:21] EDIT CRMwStyle/views/default/vqf901.html: 0
[2016-06-16 01:08:41] EDIT CRMwStyle/views/default/vqf901.html: 0
[2016-06-16 01:18:03] EDIT CRMwStyle/views/default/vqf901.html: 0
[2016-06-16 01:25:42] EDIT CRMwStyle/views/default/vqf901.html: 1
[2016-06-16 01:26:46] EDIT CRMwStyle/views/default/vqf901.html: 0
[2016-06-16 01:27:04] EDIT CRMwStyle/views/default/vqf901.html: 0
[2016-06-16 01:27:44] EDIT CRMwStyle/views/default/vqf901.html: 1
[2016-06-16 01:29:15] EDIT CRMwStyle/views/default/vqf901.html: 0
[2016-06-16 01:31:02] EDIT CRMwStyle/views/default/vqf901.html: 0
[2016-06-16 01:31:33] EDIT CRMwStyle/views/default/vqf901.html: -1
[2016-06-16 01:34:41] EDIT CRMwStyle/views/default/vqf901.html: 1
[2016-06-16 01:36:29] EDIT CRMwStyle/views/default/vqf901.html: 0
[2016-06-16 01:36:51] EDIT CRMwStyle/views/default/vqf901.html: 0
[2016-06-16 01:38:44] EDIT CRMwStyle/views/default/vqf901.html: 0
[2016-06-16 01:39:32] EDIT CRMwStyle/views/default/vqf901.html: 0
[2016-06-16 01:41:15] EDIT CRMwStyle/views/default/vqf901.html: -1
[2016-06-16 01:42:27] EDIT CRMwStyle/views/default/vqf901.html: 0
[2016-06-16 01:42:40] EDIT CRMwStyle/views/default/vqf901.html: 0
[2016-06-16 01:43:54] EDIT CRMwStyle/views/default/vqf901.html: 0
[2016-06-16 01:44:20] EDIT CRMwStyle/views/default/vqf901.html: 0
[2016-06-16 01:45:56] EDIT CRMwStyle/views/default/vqf901.html: 0
[2016-06-16 01:45:58] EDIT CRMwStyle/views/default/vqf901.html: 0
